<?xml version="1.0" encoding="UTF-8"?>
<testng-results skipped="0" failed="0" ignored="0" total="2" passed="2">
  <reporter-output>
  </reporter-output>
  <suite name="Suite" duration-ms="40641" started-at="2019-08-06T15:38:18Z" finished-at="2019-08-06T15:38:59Z">
    <groups>
    </groups>
    <test name="Test" duration-ms="40641" started-at="2019-08-06T15:38:18Z" finished-at="2019-08-06T15:38:59Z">
      <class name="Academy.TC2_AddnewcustomerTest_02">
        <test-method status="PASS" signature="Setup()[pri:0, instance:Academy.TC2_AddnewcustomerTest_02@68999068]" name="Setup" is-config="true" duration-ms="2590" started-at="2019-08-06T15:38:36Z" finished-at="2019-08-06T15:38:38Z">
          <reporter-output>
          </reporter-output>
        </test-method> <!-- Setup -->
        <test-method status="PASS" signature="Addcustomer()[pri:0, instance:Academy.TC2_AddnewcustomerTest_02@68999068]" name="Addcustomer" duration-ms="19633" started-at="2019-08-06T15:38:38Z" finished-at="2019-08-06T15:38:58Z">
          <reporter-output>
          </reporter-output>
        </test-method> <!-- Addcustomer -->
        <test-method status="PASS" signature="tearDown()[pri:0, instance:Academy.TC2_AddnewcustomerTest_02@68999068]" name="tearDown" is-config="true" duration-ms="886" started-at="2019-08-06T15:38:58Z" finished-at="2019-08-06T15:38:59Z">
          <reporter-output>
          </reporter-output>
        </test-method> <!-- tearDown -->
      </class> <!-- Academy.TC2_AddnewcustomerTest_02 -->
      <class name="Academy.TC1_LoginpageTest_01">
        <test-method status="PASS" signature="Setup()[pri:0, instance:Academy.TC1_LoginpageTest_01@708f5957]" name="Setup" is-config="true" duration-ms="3975" started-at="2019-08-06T15:38:18Z" finished-at="2019-08-06T15:38:22Z">
          <reporter-output>
          </reporter-output>
        </test-method> <!-- Setup -->
        <test-method status="PASS" signature="Logintest()[pri:0, instance:Academy.TC1_LoginpageTest_01@708f5957]" name="Logintest" duration-ms="12703" started-at="2019-08-06T15:38:22Z" finished-at="2019-08-06T15:38:35Z">
          <reporter-output>
          </reporter-output>
        </test-method> <!-- Logintest -->
        <test-method status="PASS" signature="tearDown()[pri:0, instance:Academy.TC1_LoginpageTest_01@708f5957]" name="tearDown" is-config="true" duration-ms="827" started-at="2019-08-06T15:38:35Z" finished-at="2019-08-06T15:38:36Z">
          <reporter-output>
          </reporter-output>
        </test-method> <!-- tearDown -->
      </class> <!-- Academy.TC1_LoginpageTest_01 -->
    </test> <!-- Test -->
  </suite> <!-- Suite -->
</testng-results>
