<?xml version="1.0" encoding="UTF-8"?>
<testng-results skipped="0" failed="0" ignored="1" total="2" passed="1">
  <reporter-output>
  </reporter-output>
  <suite name="Suite" duration-ms="14309" started-at="2019-08-07T00:00:58Z" finished-at="2019-08-07T00:01:13Z">
    <groups>
    </groups>
    <test name="Test" duration-ms="14309" started-at="2019-08-07T00:00:58Z" finished-at="2019-08-07T00:01:13Z">
      <class name="Academy.TC1_LoginpageTest_01">
        <test-method status="PASS" signature="Setup()[pri:0, instance:Academy.TC1_LoginpageTest_01@4f83df68]" name="Setup" is-config="true" duration-ms="4064" started-at="2019-08-07T00:00:58Z" finished-at="2019-08-07T00:01:02Z">
          <reporter-output>
          </reporter-output>
        </test-method> <!-- Setup -->
        <test-method status="PASS" signature="Logintest()[pri:0, instance:Academy.TC1_LoginpageTest_01@4f83df68]" name="Logintest" duration-ms="9344" started-at="2019-08-07T00:01:02Z" finished-at="2019-08-07T00:01:12Z">
          <reporter-output>
          </reporter-output>
        </test-method> <!-- Logintest -->
        <test-method status="PASS" signature="tearDown()[pri:0, instance:Academy.TC1_LoginpageTest_01@4f83df68]" name="tearDown" is-config="true" duration-ms="874" started-at="2019-08-07T00:01:12Z" finished-at="2019-08-07T00:01:13Z">
          <reporter-output>
          </reporter-output>
        </test-method> <!-- tearDown -->
      </class> <!-- Academy.TC1_LoginpageTest_01 -->
    </test> <!-- Test -->
  </suite> <!-- Suite -->
</testng-results>
